<?xml version="1.0" encoding="UTF-8"?>
<!-- Generated by org.testng.reporters.JUnitXMLReporter -->
<testsuite ignored="0" hostname="ideapad" failures="0" tests="2" name="TestToVerifyLoginFuncationality" time="22.295" errors="0" timestamp="2024-08-02T09:38:44 IST">
  <testcase classname="com.pingcrm.tests.LoginTests" name="canUserLoginWithPostiveInputs" time="17.129"/>
  <testcase classname="com.pingcrm.tests.LoginTests" name="canUserSeeErrorMessageWhenLoginWithWrongCredentials" time="5.095"/>
</testsuite> <!-- TestToVerifyLoginFuncationality -->
