<?xml version="1.0" encoding="UTF-8"?>
<testsuite xmlns:xsi="http://www.w3.org/2001/XMLSchema-instance" xsi:noNamespaceSchemaLocation="https://maven.apache.org/surefire/maven-surefire-plugin/xsd/surefire-test-report.xsd" name="TestSuite" time="23.02" tests="2" errors="0" skipped="0" failures="0">
  <properties>
[...]
</properties>
  <testcase name="canUserLoginWithPostiveInputs" classname="com.pingcrm.tests.LoginTests" time="17.129"/>
  <testcase name="canUserSeeErrorMessageWhenLoginWithWrongCredentials" classname="com.pingcrm.tests.LoginTests" time="5.095"/>
</testsuite>